
The inital board is 
1|E 1|E 1|E 1|E 1|E 1|E 
1|E 1|E 1|E 1|E 1|E 1|E 
1|E 1|E 1|E 1|E 1|E 1|E 
1|E 1|E 1|E 1|E 1|E 1|E 
1|E 1|E 1|E 1|E 1|E 1|E 
1|E 1|E 1|E 1|E 1|E 1|E 

Starting the game

Player BLUE moved to position 0,0 with util: 1.000000 and number of nodes expanded: 1297
1|B 1|E 1|E 1|E 1|E 1|E 
1|E 1|E 1|E 1|E 1|E 1|E 
1|E 1|E 1|E 1|E 1|E 1|E 
1|E 1|E 1|E 1|E 1|E 1|E 
1|E 1|E 1|E 1|E 1|E 1|E 
1|E 1|E 1|E 1|E 1|E 1|E 

Player GREEN moved to position 0,1 with util: 0.000000 and number of nodes expanded :113
1|B 1|G 1|E 1|E 1|E 1|E 
1|E 1|E 1|E 1|E 1|E 1|E 
1|E 1|E 1|E 1|E 1|E 1|E 
1|E 1|E 1|E 1|E 1|E 1|E 
1|E 1|E 1|E 1|E 1|E 1|E 
1|E 1|E 1|E 1|E 1|E 1|E 

Player BLUE moved to position 0,2 with util: 1.000000 and number of nodes expanded: 1157
1|B 1|G 1|B 1|E 1|E 1|E 
1|E 1|E 1|E 1|E 1|E 1|E 
1|E 1|E 1|E 1|E 1|E 1|E 
1|E 1|E 1|E 1|E 1|E 1|E 
1|E 1|E 1|E 1|E 1|E 1|E 
1|E 1|E 1|E 1|E 1|E 1|E 

Player GREEN moved to position 0,3 with util: 0.000000 and number of nodes expanded :113
1|B 1|G 1|B 1|G 1|E 1|E 
1|E 1|E 1|E 1|E 1|E 1|E 
1|E 1|E 1|E 1|E 1|E 1|E 
1|E 1|E 1|E 1|E 1|E 1|E 
1|E 1|E 1|E 1|E 1|E 1|E 
1|E 1|E 1|E 1|E 1|E 1|E 

Player BLUE moved to position 0,4 with util: 1.000000 and number of nodes expanded: 1025
1|B 1|G 1|B 1|G 1|B 1|E 
1|E 1|E 1|E 1|E 1|E 1|E 
1|E 1|E 1|E 1|E 1|E 1|E 
1|E 1|E 1|E 1|E 1|E 1|E 
1|E 1|E 1|E 1|E 1|E 1|E 
1|E 1|E 1|E 1|E 1|E 1|E 

Player GREEN moved to position 0,5 with util: 0.000000 and number of nodes expanded :109
1|B 1|G 1|B 1|G 1|B 1|G 
1|E 1|E 1|E 1|E 1|E 1|E 
1|E 1|E 1|E 1|E 1|E 1|E 
1|E 1|E 1|E 1|E 1|E 1|E 
1|E 1|E 1|E 1|E 1|E 1|E 
1|E 1|E 1|E 1|E 1|E 1|E 

Player BLUE moved to position 1,0 with util: 1.000000 and number of nodes expanded: 901
1|B 1|G 1|B 1|G 1|B 1|G 
1|B 1|E 1|E 1|E 1|E 1|E 
1|E 1|E 1|E 1|E 1|E 1|E 
1|E 1|E 1|E 1|E 1|E 1|E 
1|E 1|E 1|E 1|E 1|E 1|E 
1|E 1|E 1|E 1|E 1|E 1|E 

Player GREEN moved to position 1,1 with util: -2.000000 and number of nodes expanded :86
1|B 1|G 1|B 1|G 1|B 1|G 
1|G 1|G 1|E 1|E 1|E 1|E 
1|E 1|E 1|E 1|E 1|E 1|E 
1|E 1|E 1|E 1|E 1|E 1|E 
1|E 1|E 1|E 1|E 1|E 1|E 
1|E 1|E 1|E 1|E 1|E 1|E 

Player BLUE moved to position 1,2 with util: 1.000000 and number of nodes expanded: 785
1|B 1|G 1|B 1|G 1|B 1|G 
1|G 1|B 1|B 1|E 1|E 1|E 
1|E 1|E 1|E 1|E 1|E 1|E 
1|E 1|E 1|E 1|E 1|E 1|E 
1|E 1|E 1|E 1|E 1|E 1|E 
1|E 1|E 1|E 1|E 1|E 1|E 

Player GREEN moved to position 1,3 with util: -2.000000 and number of nodes expanded :80
1|B 1|G 1|B 1|G 1|B 1|G 
1|G 1|B 1|G 1|G 1|E 1|E 
1|E 1|E 1|E 1|E 1|E 1|E 
1|E 1|E 1|E 1|E 1|E 1|E 
1|E 1|E 1|E 1|E 1|E 1|E 
1|E 1|E 1|E 1|E 1|E 1|E 

Player BLUE moved to position 2,5 with util: 1.000000 and number of nodes expanded: 677
1|B 1|G 1|B 1|G 1|B 1|G 
1|G 1|B 1|G 1|G 1|E 1|E 
1|E 1|E 1|E 1|E 1|E 1|B 
1|E 1|E 1|E 1|E 1|E 1|E 
1|E 1|E 1|E 1|E 1|E 1|E 
1|E 1|E 1|E 1|E 1|E 1|E 

Player GREEN moved to position 2,1 with util: -4.000000 and number of nodes expanded :122
1|B 1|G 1|B 1|G 1|B 1|G 
1|G 1|B 1|G 1|G 1|E 1|E 
1|E 1|G 1|E 1|E 1|E 1|B 
1|E 1|E 1|E 1|E 1|E 1|E 
1|E 1|E 1|E 1|E 1|E 1|E 
1|E 1|E 1|E 1|E 1|E 1|E 

Player BLUE moved to position 2,0 with util: 1.000000 and number of nodes expanded: 577
1|B 1|G 1|B 1|G 1|B 1|G 
1|G 1|B 1|G 1|G 1|E 1|E 
1|B 1|G 1|E 1|E 1|E 1|B 
1|E 1|E 1|E 1|E 1|E 1|E 
1|E 1|E 1|E 1|E 1|E 1|E 
1|E 1|E 1|E 1|E 1|E 1|E 

Player GREEN moved to position 2,2 with util: -4.000000 and number of nodes expanded :110
1|B 1|G 1|B 1|G 1|B 1|G 
1|G 1|B 1|G 1|G 1|E 1|E 
1|B 1|G 1|G 1|E 1|E 1|B 
1|E 1|E 1|E 1|E 1|E 1|E 
1|E 1|E 1|E 1|E 1|E 1|E 
1|E 1|E 1|E 1|E 1|E 1|E 

Player BLUE moved to position 2,3 with util: 1.000000 and number of nodes expanded: 485
1|B 1|G 1|B 1|G 1|B 1|G 
1|G 1|B 1|G 1|G 1|E 1|E 
1|B 1|G 1|G 1|B 1|E 1|B 
1|E 1|E 1|E 1|E 1|E 1|E 
1|E 1|E 1|E 1|E 1|E 1|E 
1|E 1|E 1|E 1|E 1|E 1|E 

Player GREEN moved to position 1,5 with util: -4.000000 and number of nodes expanded :82
1|B 1|G 1|B 1|G 1|B 1|G 
1|G 1|B 1|G 1|G 1|E 1|G 
1|B 1|G 1|G 1|B 1|E 1|G 
1|E 1|E 1|E 1|E 1|E 1|E 
1|E 1|E 1|E 1|E 1|E 1|E 
1|E 1|E 1|E 1|E 1|E 1|E 

Player BLUE moved to position 3,0 with util: -1.000000 and number of nodes expanded: 401
1|B 1|G 1|B 1|G 1|B 1|G 
1|G 1|B 1|G 1|G 1|E 1|G 
1|B 1|G 1|G 1|B 1|E 1|G 
1|B 1|E 1|E 1|E 1|E 1|E 
1|E 1|E 1|E 1|E 1|E 1|E 
1|E 1|E 1|E 1|E 1|E 1|E 

Player GREEN moved to position 3,1 with util: -6.000000 and number of nodes expanded :73
1|B 1|G 1|B 1|G 1|B 1|G 
1|G 1|B 1|G 1|G 1|E 1|G 
1|B 1|G 1|G 1|B 1|E 1|G 
1|G 1|G 1|E 1|E 1|E 1|E 
1|E 1|E 1|E 1|E 1|E 1|E 
1|E 1|E 1|E 1|E 1|E 1|E 

Player BLUE moved to position 3,2 with util: -3.000000 and number of nodes expanded: 325
1|B 1|G 1|B 1|G 1|B 1|G 
1|G 1|B 1|G 1|G 1|E 1|G 
1|B 1|G 1|G 1|B 1|E 1|G 
1|G 1|G 1|B 1|E 1|E 1|E 
1|E 1|E 1|E 1|E 1|E 1|E 
1|E 1|E 1|E 1|E 1|E 1|E 

Player GREEN moved to position 3,3 with util: -6.000000 and number of nodes expanded :65
1|B 1|G 1|B 1|G 1|B 1|G 
1|G 1|B 1|G 1|G 1|E 1|G 
1|B 1|G 1|G 1|B 1|E 1|G 
1|G 1|G 1|B 1|G 1|E 1|E 
1|E 1|E 1|E 1|E 1|E 1|E 
1|E 1|E 1|E 1|E 1|E 1|E 

Player BLUE moved to position 3,4 with util: -3.000000 and number of nodes expanded: 257
1|B 1|G 1|B 1|G 1|B 1|G 
1|G 1|B 1|G 1|G 1|E 1|G 
1|B 1|G 1|G 1|B 1|E 1|G 
1|G 1|G 1|B 1|G 1|B 1|E 
1|E 1|E 1|E 1|E 1|E 1|E 
1|E 1|E 1|E 1|E 1|E 1|E 

Player GREEN moved to position 3,5 with util: -8.000000 and number of nodes expanded :57
1|B 1|G 1|B 1|G 1|B 1|G 
1|G 1|B 1|G 1|G 1|E 1|G 
1|B 1|G 1|G 1|B 1|E 1|G 
1|G 1|G 1|B 1|G 1|G 1|G 
1|E 1|E 1|E 1|E 1|E 1|E 
1|E 1|E 1|E 1|E 1|E 1|E 

Player BLUE moved to position 5,2 with util: -3.000000 and number of nodes expanded: 197
1|B 1|G 1|B 1|G 1|B 1|G 
1|G 1|B 1|G 1|G 1|E 1|G 
1|B 1|G 1|G 1|B 1|E 1|G 
1|G 1|G 1|B 1|G 1|G 1|G 
1|E 1|E 1|E 1|E 1|E 1|E 
1|E 1|E 1|B 1|E 1|E 1|E 

Player GREEN moved to position 4,0 with util: -8.000000 and number of nodes expanded :49
1|B 1|G 1|B 1|G 1|B 1|G 
1|G 1|B 1|G 1|G 1|E 1|G 
1|B 1|G 1|G 1|B 1|E 1|G 
1|G 1|G 1|B 1|G 1|G 1|G 
1|G 1|E 1|E 1|E 1|E 1|E 
1|E 1|E 1|B 1|E 1|E 1|E 

Player BLUE moved to position 4,1 with util: -3.000000 and number of nodes expanded: 145
1|B 1|G 1|B 1|G 1|B 1|G 
1|G 1|B 1|G 1|G 1|E 1|G 
1|B 1|G 1|G 1|B 1|E 1|G 
1|G 1|G 1|B 1|G 1|G 1|G 
1|G 1|B 1|E 1|E 1|E 1|E 
1|E 1|E 1|B 1|E 1|E 1|E 

Player GREEN moved to position 4,2 with util: -8.000000 and number of nodes expanded :43
1|B 1|G 1|B 1|G 1|B 1|G 
1|G 1|B 1|G 1|G 1|E 1|G 
1|B 1|G 1|G 1|B 1|E 1|G 
1|G 1|G 1|B 1|G 1|G 1|G 
1|G 1|B 1|G 1|E 1|E 1|E 
1|E 1|E 1|B 1|E 1|E 1|E 

Player BLUE moved to position 5,0 with util: -3.000000 and number of nodes expanded: 101
1|B 1|G 1|B 1|G 1|B 1|G 
1|G 1|B 1|G 1|G 1|E 1|G 
1|B 1|G 1|G 1|B 1|E 1|G 
1|G 1|G 1|B 1|G 1|G 1|G 
1|G 1|B 1|G 1|E 1|E 1|E 
1|B 1|E 1|B 1|E 1|E 1|E 

Player GREEN moved to position 4,3 with util: -8.000000 and number of nodes expanded :33
1|B 1|G 1|B 1|G 1|B 1|G 
1|G 1|B 1|G 1|G 1|E 1|G 
1|B 1|G 1|G 1|B 1|E 1|G 
1|G 1|G 1|B 1|G 1|G 1|G 
1|G 1|B 1|G 1|G 1|E 1|E 
1|B 1|E 1|B 1|E 1|E 1|E 

Player BLUE moved to position 5,3 with util: -3.000000 and number of nodes expanded: 65
1|B 1|G 1|B 1|G 1|B 1|G 
1|G 1|B 1|G 1|G 1|E 1|G 
1|B 1|G 1|G 1|B 1|E 1|G 
1|G 1|G 1|B 1|G 1|G 1|G 
1|G 1|B 1|G 1|B 1|E 1|E 
1|B 1|E 1|B 1|B 1|E 1|E 

Player GREEN moved to position 4,4 with util: -8.000000 and number of nodes expanded :30
1|B 1|G 1|B 1|G 1|B 1|G 
1|G 1|B 1|G 1|G 1|E 1|G 
1|B 1|G 1|G 1|B 1|E 1|G 
1|G 1|G 1|B 1|G 1|G 1|G 
1|G 1|B 1|G 1|G 1|G 1|E 
1|B 1|E 1|B 1|B 1|E 1|E 

Player BLUE moved to position 5,4 with util: -3.000000 and number of nodes expanded: 37
1|B 1|G 1|B 1|G 1|B 1|G 
1|G 1|B 1|G 1|G 1|E 1|G 
1|B 1|G 1|G 1|B 1|E 1|G 
1|G 1|G 1|B 1|G 1|G 1|G 
1|G 1|B 1|G 1|B 1|B 1|E 
1|B 1|E 1|B 1|B 1|B 1|E 

Player GREEN moved to position 4,5 with util: -6.000000 and number of nodes expanded :17
1|B 1|G 1|B 1|G 1|B 1|G 
1|G 1|B 1|G 1|G 1|E 1|G 
1|B 1|G 1|G 1|B 1|E 1|G 
1|G 1|G 1|B 1|G 1|G 1|G 
1|G 1|B 1|G 1|G 1|G 1|G 
1|B 1|E 1|B 1|B 1|B 1|E 

Player BLUE moved to position 5,5 with util: -1.000000 and number of nodes expanded: 17
1|B 1|G 1|B 1|G 1|B 1|G 
1|G 1|B 1|G 1|G 1|E 1|G 
1|B 1|G 1|G 1|B 1|E 1|G 
1|G 1|G 1|B 1|G 1|G 1|G 
1|G 1|B 1|G 1|B 1|B 1|B 
1|B 1|E 1|B 1|B 1|B 1|B 

Player GREEN moved to position 5,1 with util: -2.000000 and number of nodes expanded :9
1|B 1|G 1|B 1|G 1|B 1|G 
1|G 1|B 1|G 1|G 1|E 1|G 
1|B 1|G 1|G 1|B 1|E 1|G 
1|G 1|G 1|B 1|G 1|G 1|G 
1|G 1|B 1|G 1|B 1|B 1|B 
1|B 1|G 1|B 1|B 1|B 1|B 

Player BLUE moved to position 1,4 with util: -2.000000 and number of nodes expanded: 3
1|B 1|G 1|B 1|G 1|B 1|G 
1|G 1|B 1|G 1|B 1|B 1|B 
1|B 1|G 1|G 1|B 1|E 1|G 
1|G 1|G 1|B 1|G 1|G 1|G 
1|G 1|B 1|G 1|B 1|B 1|B 
1|B 1|G 1|B 1|B 1|B 1|B 

Player GREEN moved to position 2,4 with util: -2.000000 and number of nodes expanded :1
1|B 1|G 1|B 1|G 1|B 1|G 
1|G 1|B 1|G 1|B 1|G 1|B 
1|B 1|G 1|G 1|G 1|G 1|G 
1|G 1|G 1|B 1|G 1|G 1|G 
1|G 1|B 1|G 1|B 1|B 1|B 
1|B 1|G 1|B 1|B 1|B 1|B 

The final state of the board is 
1|B 1|G 1|B 1|G 1|B 1|G 
1|G 1|B 1|G 1|B 1|G 1|B 
1|B 1|G 1|G 1|G 1|G 1|G 
1|G 1|G 1|B 1|G 1|G 1|G 
1|G 1|B 1|G 1|B 1|B 1|B 
1|B 1|G 1|B 1|B 1|B 1|B 

The final scores of the players are 

BLUE:17 GREEN:19
The total number of nodes expanded per player are 

BLUE:8452 GREEN:1192
The average number of nodes expanded per move are 

BLUE:469 GREEN:66
The average time taken  in ms per move is 

BLUE:5.11111 GREEN:0