
The inital board is 
99|E 1|E 99|E 1|E 99|E 1|E 
1|E 99|E 1|E 99|E 1|E 99|E 
99|E 1|E 99|E 1|E 99|E 1|E 
1|E 99|E 1|E 99|E 1|E 99|E 
99|E 1|E 99|E 1|E 99|E 1|E 
1|E 99|E 1|E 99|E 1|E 99|E 

Starting the game

Player BLUE moved to position 0,0 with util: 99.000000 and number of nodes expanded: 1297
99|B 1|E 99|E 1|E 99|E 1|E 
1|E 99|E 1|E 99|E 1|E 99|E 
99|E 1|E 99|E 1|E 99|E 1|E 
1|E 99|E 1|E 99|E 1|E 99|E 
99|E 1|E 99|E 1|E 99|E 1|E 
1|E 99|E 1|E 99|E 1|E 99|E 

Player GREEN moved to position 0,4 with util: 0.000000 and number of nodes expanded :1226
99|B 1|E 99|E 1|E 99|G 1|E 
1|E 99|E 1|E 99|E 1|E 99|E 
99|E 1|E 99|E 1|E 99|E 1|E 
1|E 99|E 1|E 99|E 1|E 99|E 
99|E 1|E 99|E 1|E 99|E 1|E 
1|E 99|E 1|E 99|E 1|E 99|E 

Player BLUE moved to position 0,2 with util: 99.000000 and number of nodes expanded: 1157
99|B 1|E 99|B 1|E 99|G 1|E 
1|E 99|E 1|E 99|E 1|E 99|E 
99|E 1|E 99|E 1|E 99|E 1|E 
1|E 99|E 1|E 99|E 1|E 99|E 
99|E 1|E 99|E 1|E 99|E 1|E 
1|E 99|E 1|E 99|E 1|E 99|E 

Player GREEN moved to position 0,3 with util: 0.000000 and number of nodes expanded :1090
99|B 1|E 99|G 1|G 99|G 1|E 
1|E 99|E 1|E 99|E 1|E 99|E 
99|E 1|E 99|E 1|E 99|E 1|E 
1|E 99|E 1|E 99|E 1|E 99|E 
99|E 1|E 99|E 1|E 99|E 1|E 
1|E 99|E 1|E 99|E 1|E 99|E 

Player BLUE moved to position 0,1 with util: 99.000000 and number of nodes expanded: 1025
99|B 1|B 99|B 1|G 99|G 1|E 
1|E 99|E 1|E 99|E 1|E 99|E 
99|E 1|E 99|E 1|E 99|E 1|E 
1|E 99|E 1|E 99|E 1|E 99|E 
99|E 1|E 99|E 1|E 99|E 1|E 
1|E 99|E 1|E 99|E 1|E 99|E 

Player GREEN moved to position 1,3 with util: 0.000000 and number of nodes expanded :962
99|B 1|B 99|G 1|G 99|G 1|E 
1|E 99|E 1|E 99|G 1|E 99|E 
99|E 1|E 99|E 1|E 99|E 1|E 
1|E 99|E 1|E 99|E 1|E 99|E 
99|E 1|E 99|E 1|E 99|E 1|E 
1|E 99|E 1|E 99|E 1|E 99|E 

Player BLUE moved to position 1,1 with util: -99.000000 and number of nodes expanded: 901
99|B 1|B 99|B 1|G 99|G 1|E 
1|E 99|B 1|E 99|G 1|E 99|E 
99|E 1|E 99|E 1|E 99|E 1|E 
1|E 99|E 1|E 99|E 1|E 99|E 
99|E 1|E 99|E 1|E 99|E 1|E 
1|E 99|E 1|E 99|E 1|E 99|E 

Player GREEN moved to position 1,2 with util: -198.000000 and number of nodes expanded :842
99|B 1|B 99|G 1|G 99|G 1|E 
1|E 99|G 1|G 99|G 1|E 99|E 
99|E 1|E 99|E 1|E 99|E 1|E 
1|E 99|E 1|E 99|E 1|E 99|E 
99|E 1|E 99|E 1|E 99|E 1|E 
1|E 99|E 1|E 99|E 1|E 99|E 

Player BLUE moved to position 1,0 with util: -99.000000 and number of nodes expanded: 785
99|B 1|B 99|B 1|G 99|G 1|E 
1|B 99|B 1|G 99|G 1|E 99|E 
99|E 1|E 99|E 1|E 99|E 1|E 
1|E 99|E 1|E 99|E 1|E 99|E 
99|E 1|E 99|E 1|E 99|E 1|E 
1|E 99|E 1|E 99|E 1|E 99|E 

Player GREEN moved to position 1,5 with util: 0.000000 and number of nodes expanded :730
99|B 1|B 99|B 1|G 99|G 1|E 
1|B 99|B 1|G 99|G 1|E 99|G 
99|E 1|E 99|E 1|E 99|E 1|E 
1|E 99|E 1|E 99|E 1|E 99|E 
99|E 1|E 99|E 1|E 99|E 1|E 
1|E 99|E 1|E 99|E 1|E 99|E 

Player BLUE moved to position 2,0 with util: 99.000000 and number of nodes expanded: 677
99|B 1|B 99|B 1|G 99|G 1|E 
1|B 99|B 1|G 99|G 1|E 99|G 
99|B 1|E 99|E 1|E 99|E 1|E 
1|E 99|E 1|E 99|E 1|E 99|E 
99|E 1|E 99|E 1|E 99|E 1|E 
1|E 99|E 1|E 99|E 1|E 99|E 

Player GREEN moved to position 2,2 with util: 0.000000 and number of nodes expanded :626
99|B 1|B 99|B 1|G 99|G 1|E 
1|B 99|B 1|G 99|G 1|E 99|G 
99|B 1|E 99|G 1|E 99|E 1|E 
1|E 99|E 1|E 99|E 1|E 99|E 
99|E 1|E 99|E 1|E 99|E 1|E 
1|E 99|E 1|E 99|E 1|E 99|E 

Player BLUE moved to position 2,1 with util: 99.000000 and number of nodes expanded: 577
99|B 1|B 99|B 1|G 99|G 1|E 
1|B 99|B 1|G 99|G 1|E 99|G 
99|B 1|B 99|B 1|E 99|E 1|E 
1|E 99|E 1|E 99|E 1|E 99|E 
99|E 1|E 99|E 1|E 99|E 1|E 
1|E 99|E 1|E 99|E 1|E 99|E 

Player GREEN moved to position 2,3 with util: 0.000000 and number of nodes expanded :530
99|B 1|B 99|B 1|G 99|G 1|E 
1|B 99|B 1|G 99|G 1|E 99|G 
99|B 1|B 99|G 1|G 99|E 1|E 
1|E 99|E 1|E 99|E 1|E 99|E 
99|E 1|E 99|E 1|E 99|E 1|E 
1|E 99|E 1|E 99|E 1|E 99|E 

Player BLUE moved to position 3,1 with util: 99.000000 and number of nodes expanded: 485
99|B 1|B 99|B 1|G 99|G 1|E 
1|B 99|B 1|G 99|G 1|E 99|G 
99|B 1|B 99|B 1|G 99|E 1|E 
1|E 99|B 1|E 99|E 1|E 99|E 
99|E 1|E 99|E 1|E 99|E 1|E 
1|E 99|E 1|E 99|E 1|E 99|E 

Player GREEN moved to position 2,4 with util: 198.000000 and number of nodes expanded :442
99|B 1|B 99|B 1|G 99|G 1|E 
1|B 99|B 1|G 99|G 1|E 99|G 
99|B 1|B 99|G 1|G 99|G 1|E 
1|E 99|B 1|E 99|E 1|E 99|E 
99|E 1|E 99|E 1|E 99|E 1|E 
1|E 99|E 1|E 99|E 1|E 99|E 

Player BLUE moved to position 3,2 with util: 197.000000 and number of nodes expanded: 401
99|B 1|B 99|B 1|G 99|G 1|E 
1|B 99|B 1|G 99|G 1|E 99|G 
99|B 1|B 99|B 1|G 99|G 1|E 
1|E 99|B 1|B 99|E 1|E 99|E 
99|E 1|E 99|E 1|E 99|E 1|E 
1|E 99|E 1|E 99|E 1|E 99|E 

Player GREEN moved to position 3,3 with util: 98.000000 and number of nodes expanded :362
99|B 1|B 99|B 1|G 99|G 1|E 
1|B 99|B 1|G 99|G 1|E 99|G 
99|B 1|B 99|G 1|G 99|G 1|E 
1|E 99|B 1|G 99|G 1|E 99|E 
99|E 1|E 99|E 1|E 99|E 1|E 
1|E 99|E 1|E 99|E 1|E 99|E 

Player BLUE moved to position 5,5 with util: 97.000000 and number of nodes expanded: 325
99|B 1|B 99|B 1|G 99|G 1|E 
1|B 99|B 1|G 99|G 1|E 99|G 
99|B 1|B 99|G 1|G 99|G 1|E 
1|E 99|B 1|G 99|G 1|E 99|E 
99|E 1|E 99|E 1|E 99|E 1|E 
1|E 99|E 1|E 99|E 1|E 99|B 

Player GREEN moved to position 3,5 with util: -100.000000 and number of nodes expanded :290
99|B 1|B 99|B 1|G 99|G 1|E 
1|B 99|B 1|G 99|G 1|E 99|G 
99|B 1|B 99|G 1|G 99|G 1|E 
1|E 99|B 1|G 99|G 1|E 99|G 
99|E 1|E 99|E 1|E 99|E 1|E 
1|E 99|E 1|E 99|E 1|E 99|B 

Player BLUE moved to position 4,2 with util: -1.000000 and number of nodes expanded: 257
99|B 1|B 99|B 1|G 99|G 1|E 
1|B 99|B 1|G 99|G 1|E 99|G 
99|B 1|B 99|G 1|G 99|G 1|E 
1|E 99|B 1|G 99|G 1|E 99|G 
99|E 1|E 99|B 1|E 99|E 1|E 
1|E 99|E 1|E 99|E 1|E 99|B 

Player GREEN moved to position 4,3 with util: -200.000000 and number of nodes expanded :226
99|B 1|B 99|B 1|G 99|G 1|E 
1|B 99|B 1|G 99|G 1|E 99|G 
99|B 1|B 99|G 1|G 99|G 1|E 
1|E 99|B 1|G 99|G 1|E 99|G 
99|E 1|E 99|G 1|G 99|E 1|E 
1|E 99|E 1|E 99|E 1|E 99|B 

Player BLUE moved to position 4,5 with util: -1.000000 and number of nodes expanded: 197
99|B 1|B 99|B 1|G 99|G 1|E 
1|B 99|B 1|G 99|G 1|E 99|G 
99|B 1|B 99|G 1|G 99|G 1|E 
1|E 99|B 1|G 99|G 1|E 99|B 
99|E 1|E 99|G 1|G 99|E 1|B 
1|E 99|E 1|E 99|E 1|E 99|B 

Player GREEN moved to position 4,1 with util: -200.000000 and number of nodes expanded :170
99|B 1|B 99|B 1|G 99|G 1|E 
1|B 99|B 1|G 99|G 1|E 99|G 
99|B 1|B 99|G 1|G 99|G 1|E 
1|E 99|G 1|G 99|G 1|E 99|B 
99|E 1|G 99|G 1|G 99|E 1|B 
1|E 99|E 1|E 99|E 1|E 99|B 

Player BLUE moved to position 2,5 with util: 197.000000 and number of nodes expanded: 145
99|B 1|B 99|B 1|G 99|G 1|E 
1|B 99|B 1|G 99|G 1|E 99|B 
99|B 1|B 99|G 1|G 99|B 1|B 
1|E 99|G 1|G 99|G 1|E 99|B 
99|E 1|G 99|G 1|G 99|E 1|B 
1|E 99|E 1|E 99|E 1|E 99|B 

Player GREEN moved to position 1,4 with util: -2.000000 and number of nodes expanded :122
99|B 1|B 99|B 1|G 99|G 1|E 
1|B 99|B 1|G 99|G 1|G 99|G 
99|B 1|B 99|G 1|G 99|G 1|B 
1|E 99|G 1|G 99|G 1|E 99|B 
99|E 1|G 99|G 1|G 99|E 1|B 
1|E 99|E 1|E 99|E 1|E 99|B 

Player BLUE moved to position 3,4 with util: 99.000000 and number of nodes expanded: 101
99|B 1|B 99|B 1|G 99|G 1|E 
1|B 99|B 1|G 99|G 1|G 99|B 
99|B 1|B 99|G 1|G 99|B 1|B 
1|E 99|G 1|G 99|B 1|B 99|B 
99|E 1|G 99|G 1|G 99|E 1|B 
1|E 99|E 1|E 99|E 1|E 99|B 

Player GREEN moved to position 0,5 with util: 292.000000 and number of nodes expanded :82
99|B 1|B 99|B 1|G 99|G 1|G 
1|B 99|B 1|G 99|G 1|G 99|G 
99|B 1|B 99|G 1|G 99|G 1|B 
1|E 99|G 1|G 99|B 1|B 99|B 
99|E 1|G 99|G 1|G 99|E 1|B 
1|E 99|E 1|E 99|E 1|E 99|B 

Player BLUE moved to position 3,0 with util: 197.000000 and number of nodes expanded: 65
99|B 1|B 99|B 1|G 99|G 1|G 
1|B 99|B 1|G 99|G 1|G 99|B 
99|B 1|B 99|G 1|G 99|B 1|B 
1|B 99|B 1|G 99|B 1|B 99|B 
99|E 1|G 99|G 1|G 99|E 1|B 
1|E 99|E 1|E 99|E 1|E 99|B 

Player GREEN moved to position 4,0 with util: 494.000000 and number of nodes expanded :50
99|B 1|B 99|B 1|G 99|G 1|G 
1|B 99|B 1|G 99|G 1|G 99|G 
99|B 1|B 99|G 1|G 99|G 1|B 
1|G 99|G 1|G 99|B 1|B 99|B 
99|G 1|G 99|G 1|G 99|E 1|B 
1|E 99|E 1|E 99|E 1|E 99|B 

Player BLUE moved to position 4,4 with util: -1.000000 and number of nodes expanded: 37
99|B 1|B 99|B 1|G 99|G 1|G 
1|B 99|B 1|G 99|G 1|G 99|B 
99|B 1|B 99|G 1|G 99|B 1|B 
1|G 99|B 1|G 99|B 1|B 99|B 
99|G 1|G 99|G 1|B 99|B 1|B 
1|E 99|E 1|E 99|E 1|E 99|B 

Player GREEN moved to position 5,1 with util: 396.000000 and number of nodes expanded :26
99|B 1|B 99|B 1|G 99|G 1|G 
1|B 99|B 1|G 99|G 1|G 99|G 
99|B 1|B 99|G 1|G 99|G 1|B 
1|G 99|G 1|G 99|B 1|B 99|B 
99|G 1|G 99|G 1|B 99|B 1|B 
1|E 99|G 1|E 99|E 1|E 99|B 

Player BLUE moved to position 5,0 with util: 1.000000 and number of nodes expanded: 17
99|B 1|B 99|B 1|G 99|G 1|G 
1|B 99|B 1|G 99|G 1|G 99|G 
99|B 1|B 99|G 1|G 99|G 1|B 
1|G 99|G 1|G 99|B 1|B 99|B 
99|G 1|G 99|G 1|B 99|B 1|B 
1|B 99|G 1|E 99|E 1|E 99|B 

Player GREEN moved to position 5,3 with util: -198.000000 and number of nodes expanded :10
99|B 1|B 99|B 1|G 99|G 1|G 
1|B 99|B 1|G 99|G 1|G 99|G 
99|B 1|B 99|G 1|G 99|G 1|B 
1|G 99|G 1|G 99|B 1|B 99|B 
99|G 1|G 99|G 1|B 99|B 1|B 
1|B 99|G 1|E 99|G 1|E 99|B 

Player BLUE moved to position 5,4 with util: -198.000000 and number of nodes expanded: 3
99|B 1|B 99|B 1|G 99|G 1|G 
1|B 99|B 1|G 99|G 1|G 99|G 
99|B 1|B 99|G 1|G 99|G 1|B 
1|G 99|G 1|G 99|B 1|B 99|B 
99|G 1|G 99|G 1|B 99|B 1|B 
1|B 99|G 1|E 99|B 1|B 99|B 

Player GREEN moved to position 5,2 with util: -198.000000 and number of nodes expanded :1
99|B 1|B 99|B 1|G 99|G 1|G 
1|B 99|B 1|G 99|G 1|G 99|G 
99|B 1|B 99|G 1|G 99|G 1|B 
1|G 99|G 1|G 99|B 1|B 99|B 
99|G 1|G 99|G 1|B 99|B 1|B 
1|B 99|G 1|G 99|G 1|B 99|B 

The final state of the board is 
99|B 1|B 99|B 1|G 99|G 1|G 
1|B 99|B 1|G 99|G 1|G 99|G 
99|B 1|B 99|G 1|G 99|G 1|B 
1|G 99|G 1|G 99|B 1|B 99|B 
99|G 1|G 99|G 1|B 99|B 1|B 
1|B 99|G 1|G 99|G 1|B 99|B 

The final scores of the players are 

BLUE:801 GREEN:999
The total number of nodes expanded per player are 

BLUE:8452 GREEN:7787
The average number of nodes expanded per move are 

BLUE:469 GREEN:432
The average time taken  in ms per move is 

BLUE:5.33333 GREEN:4.66667