
The inital board is 
66|E 76|E 28|E 66|E 11|E 9|E 
31|E 39|E 50|E 8|E 33|E 14|E 
80|E 76|E 39|E 59|E 2|E 48|E 
50|E 73|E 43|E 3|E 13|E 3|E 
99|E 45|E 72|E 87|E 49|E 4|E 
80|E 63|E 92|E 28|E 61|E 53|E 

Starting the game

Player BLUE moved to position 4,0 with util: 94.000000 and number of nodes expanded: 111
66|E 76|E 28|E 66|E 11|E 9|E 
31|E 39|E 50|E 8|E 33|E 14|E 
80|E 76|E 39|E 59|E 2|E 48|E 
50|E 73|E 43|E 3|E 13|E 3|E 
99|B 45|E 72|E 87|E 49|E 4|E 
80|E 63|E 92|E 28|E 61|E 53|E 

Player GREEN moved to position 5,2 with util: 0.000000 and number of nodes expanded :158
66|E 76|E 28|E 66|E 11|E 9|E 
31|E 39|E 50|E 8|E 33|E 14|E 
80|E 76|E 39|E 59|E 2|E 48|E 
50|E 73|E 43|E 3|E 13|E 3|E 
99|B 45|E 72|E 87|E 49|E 4|E 
80|E 63|E 92|G 28|E 61|E 53|E 

Player BLUE moved to position 3,2 with util: 81.000000 and number of nodes expanded: 208
66|E 76|E 28|E 66|E 11|E 9|E 
31|E 39|E 50|E 8|E 33|E 14|E 
80|E 76|E 39|E 59|E 2|E 48|E 
50|E 73|E 43|B 3|E 13|E 3|E 
99|B 45|E 72|E 87|E 49|E 4|E 
80|E 63|E 92|G 28|E 61|E 53|E 

Player GREEN moved to position 4,2 with util: -82.000000 and number of nodes expanded :263
66|E 76|E 28|E 66|E 11|E 9|E 
31|E 39|E 50|E 8|E 33|E 14|E 
80|E 76|E 39|E 59|E 2|E 48|E 
50|E 73|E 43|G 3|E 13|E 3|E 
99|B 45|E 72|G 87|E 49|E 4|E 
80|E 63|E 92|G 28|E 61|E 53|E 

Player BLUE moved to position 4,1 with util: 114.000000 and number of nodes expanded: 247
66|E 76|E 28|E 66|E 11|E 9|E 
31|E 39|E 50|E 8|E 33|E 14|E 
80|E 76|E 39|E 59|E 2|E 48|E 
50|E 73|E 43|G 3|E 13|E 3|E 
99|B 45|B 72|B 87|E 49|E 4|E 
80|E 63|E 92|G 28|E 61|E 53|E 

Player GREEN moved to position 2,0 with util: 0.000000 and number of nodes expanded :262
66|E 76|E 28|E 66|E 11|E 9|E 
31|E 39|E 50|E 8|E 33|E 14|E 
80|G 76|E 39|E 59|E 2|E 48|E 
50|E 73|E 43|G 3|E 13|E 3|E 
99|B 45|B 72|B 87|E 49|E 4|E 
80|E 63|E 92|G 28|E 61|E 53|E 

Player BLUE moved to position 5,1 with util: 278.000000 and number of nodes expanded: 180
66|E 76|E 28|E 66|E 11|E 9|E 
31|E 39|E 50|E 8|E 33|E 14|E 
80|G 76|E 39|E 59|E 2|E 48|E 
50|E 73|E 43|G 3|E 13|E 3|E 
99|B 45|B 72|B 87|E 49|E 4|E 
80|E 63|B 92|B 28|E 61|E 53|E 

Player GREEN moved to position 4,3 with util: 115.000000 and number of nodes expanded :328
66|E 76|E 28|E 66|E 11|E 9|E 
31|E 39|E 50|E 8|E 33|E 14|E 
80|G 76|E 39|E 59|E 2|E 48|E 
50|E 73|E 43|G 3|E 13|E 3|E 
99|B 45|B 72|B 87|G 49|E 4|E 
80|E 63|B 92|B 28|E 61|E 53|E 

Player BLUE moved to position 5,3 with util: 393.000000 and number of nodes expanded: 334
66|E 76|E 28|E 66|E 11|E 9|E 
31|E 39|E 50|E 8|E 33|E 14|E 
80|G 76|E 39|E 59|E 2|E 48|E 
50|E 73|E 43|G 3|E 13|E 3|E 
99|B 45|B 72|B 87|B 49|E 4|E 
80|E 63|B 92|B 28|B 61|E 53|E 

Player GREEN moved to position 3,3 with util: 133.000000 and number of nodes expanded :326
66|E 76|E 28|E 66|E 11|E 9|E 
31|E 39|E 50|E 8|E 33|E 14|E 
80|G 76|E 39|E 59|E 2|E 48|E 
50|E 73|E 43|G 3|G 13|E 3|E 
99|B 45|B 72|B 87|G 49|E 4|E 
80|E 63|B 92|B 28|B 61|E 53|E 

Player BLUE moved to position 3,0 with util: 355.000000 and number of nodes expanded: 224
66|E 76|E 28|E 66|E 11|E 9|E 
31|E 39|E 50|E 8|E 33|E 14|E 
80|B 76|E 39|E 59|E 2|E 48|E 
50|B 73|E 43|G 3|G 13|E 3|E 
99|B 45|B 72|B 87|B 49|E 4|E 
80|E 63|B 92|B 28|B 61|E 53|E 

Player GREEN moved to position 3,1 with util: 338.000000 and number of nodes expanded :119
66|E 76|E 28|E 66|E 11|E 9|E 
31|E 39|E 50|E 8|E 33|E 14|E 
80|B 76|E 39|E 59|E 2|E 48|E 
50|G 73|G 43|G 3|G 13|E 3|E 
99|B 45|G 72|B 87|G 49|E 4|E 
80|E 63|B 92|B 28|B 61|E 53|E 

Player BLUE moved to position 2,1 with util: 244.000000 and number of nodes expanded: 115
66|E 76|E 28|E 66|E 11|E 9|E 
31|E 39|E 50|E 8|E 33|E 14|E 
80|B 76|B 39|E 59|E 2|E 48|E 
50|G 73|B 43|G 3|G 13|E 3|E 
99|B 45|G 72|B 87|B 49|E 4|E 
80|E 63|B 92|B 28|B 61|E 53|E 

Player GREEN moved to position 2,2 with util: 342.000000 and number of nodes expanded :171
66|E 76|E 28|E 66|E 11|E 9|E 
31|E 39|E 50|E 8|E 33|E 14|E 
80|B 76|G 39|G 59|E 2|E 48|E 
50|G 73|B 43|G 3|G 13|E 3|E 
99|B 45|G 72|B 87|G 49|E 4|E 
80|E 63|B 92|B 28|B 61|E 53|E 

Player BLUE moved to position 4,5 with util: 270.000000 and number of nodes expanded: 154
66|E 76|E 28|E 66|E 11|E 9|E 
31|E 39|E 50|E 8|E 33|E 14|E 
80|B 76|G 39|G 59|E 2|E 48|E 
50|G 73|B 43|G 3|G 13|E 3|E 
99|B 45|G 72|B 87|G 49|E 4|B 
80|E 63|B 92|B 28|B 61|E 53|E 

Player GREEN moved to position 4,4 with util: 95.000000 and number of nodes expanded :162
66|E 76|E 28|E 66|E 11|E 9|E 
31|E 39|E 50|E 8|E 33|E 14|E 
80|B 76|G 39|G 59|E 2|E 48|E 
50|G 73|B 43|G 3|G 13|E 3|E 
99|B 45|G 72|B 87|G 49|G 4|G 
80|E 63|B 92|B 28|B 61|E 53|E 

Player BLUE moved to position 1,0 with util: 200.000000 and number of nodes expanded: 173
66|E 76|E 28|E 66|E 11|E 9|E 
31|B 39|E 50|E 8|E 33|E 14|E 
80|B 76|G 39|G 59|E 2|E 48|E 
50|G 73|B 43|G 3|G 13|E 3|E 
99|B 45|G 72|B 87|G 49|G 4|G 
80|E 63|B 92|B 28|B 61|E 53|E 

Player GREEN moved to position 1,1 with util: 25.000000 and number of nodes expanded :151
66|E 76|E 28|E 66|E 11|E 9|E 
31|G 39|G 50|E 8|E 33|E 14|E 
80|B 76|G 39|G 59|E 2|E 48|E 
50|G 73|B 43|G 3|G 13|E 3|E 
99|B 45|G 72|B 87|G 49|G 4|G 
80|E 63|B 92|B 28|B 61|E 53|E 

Player BLUE moved to position 1,3 with util: 133.000000 and number of nodes expanded: 127
66|E 76|E 28|E 66|E 11|E 9|E 
31|G 39|G 50|E 8|B 33|E 14|E 
80|B 76|G 39|G 59|E 2|E 48|E 
50|G 73|B 43|G 3|G 13|E 3|E 
99|B 45|G 72|B 87|G 49|G 4|G 
80|E 63|B 92|B 28|B 61|E 53|E 

Player GREEN moved to position 2,3 with util: -42.000000 and number of nodes expanded :102
66|E 76|E 28|E 66|E 11|E 9|E 
31|G 39|G 50|E 8|G 33|E 14|E 
80|B 76|G 39|G 59|G 2|E 48|E 
50|G 73|B 43|G 3|G 13|E 3|E 
99|B 45|G 72|B 87|G 49|G 4|G 
80|E 63|B 92|B 28|B 61|E 53|E 

Player BLUE moved to position 5,4 with util: 38.000000 and number of nodes expanded: 107
66|E 76|E 28|E 66|E 11|E 9|E 
31|G 39|G 50|E 8|G 33|E 14|E 
80|B 76|G 39|G 59|G 2|E 48|E 
50|G 73|B 43|G 3|G 13|E 3|E 
99|B 45|G 72|B 87|G 49|B 4|G 
80|E 63|B 92|B 28|B 61|B 53|E 

Player GREEN moved to position 5,5 with util: -73.000000 and number of nodes expanded :66
66|E 76|E 28|E 66|E 11|E 9|E 
31|G 39|G 50|E 8|G 33|E 14|E 
80|B 76|G 39|G 59|G 2|E 48|E 
50|G 73|B 43|G 3|G 13|E 3|E 
99|B 45|G 72|B 87|G 49|B 4|G 
80|E 63|B 92|B 28|B 61|G 53|G 

Player BLUE moved to position 3,4 with util: 17.000000 and number of nodes expanded: 95
66|E 76|E 28|E 66|E 11|E 9|E 
31|G 39|G 50|E 8|G 33|E 14|E 
80|B 76|G 39|G 59|G 2|E 48|E 
50|G 73|B 43|G 3|B 13|B 3|E 
99|B 45|G 72|B 87|G 49|B 4|G 
80|E 63|B 92|B 28|B 61|G 53|G 

Player GREEN moved to position 5,0 with util: -59.000000 and number of nodes expanded :93
66|E 76|E 28|E 66|E 11|E 9|E 
31|G 39|G 50|E 8|G 33|E 14|E 
80|B 76|G 39|G 59|G 2|E 48|E 
50|G 73|B 43|G 3|B 13|B 3|E 
99|B 45|G 72|B 87|G 49|B 4|G 
80|G 63|B 92|B 28|B 61|G 53|G 

Player BLUE moved to position 0,3 with util: 10.000000 and number of nodes expanded: 46
66|E 76|E 28|E 66|B 11|E 9|E 
31|G 39|G 50|E 8|G 33|E 14|E 
80|B 76|G 39|G 59|G 2|E 48|E 
50|G 73|B 43|G 3|B 13|B 3|E 
99|B 45|G 72|B 87|G 49|B 4|G 
80|G 63|B 92|B 28|B 61|G 53|G 

Player GREEN moved to position 0,1 with util: -151.000000 and number of nodes expanded :56
66|E 76|G 28|E 66|B 11|E 9|E 
31|G 39|G 50|E 8|G 33|E 14|E 
80|B 76|G 39|G 59|G 2|E 48|E 
50|G 73|B 43|G 3|B 13|B 3|E 
99|B 45|G 72|B 87|G 49|B 4|G 
80|G 63|B 92|B 28|B 61|G 53|G 

Player BLUE moved to position 0,2 with util: 71.000000 and number of nodes expanded: 50
66|E 76|B 28|B 66|B 11|E 9|E 
31|G 39|G 50|E 8|G 33|E 14|E 
80|B 76|G 39|G 59|G 2|E 48|E 
50|G 73|B 43|G 3|B 13|B 3|E 
99|B 45|G 72|B 87|G 49|B 4|G 
80|G 63|B 92|B 28|B 61|G 53|G 

Player GREEN moved to position 0,0 with util: 23.000000 and number of nodes expanded :27
66|G 76|G 28|B 66|B 11|E 9|E 
31|G 39|G 50|E 8|G 33|E 14|E 
80|B 76|G 39|G 59|G 2|E 48|E 
50|G 73|B 43|G 3|B 13|B 3|E 
99|B 45|G 72|B 87|G 49|B 4|G 
80|G 63|B 92|B 28|B 61|G 53|G 

Player BLUE moved to position 1,2 with util: 90.000000 and number of nodes expanded: 23
66|G 76|B 28|B 66|B 11|E 9|E 
31|G 39|B 50|B 8|B 33|E 14|E 
80|B 76|G 39|B 59|G 2|E 48|E 
50|G 73|B 43|G 3|B 13|B 3|E 
99|B 45|G 72|B 87|G 49|B 4|G 
80|G 63|B 92|B 28|B 61|G 53|G 

Player GREEN moved to position 3,5 with util: 159.000000 and number of nodes expanded :46
66|G 76|G 28|B 66|B 11|E 9|E 
31|G 39|B 50|B 8|B 33|E 14|E 
80|B 76|G 39|B 59|G 2|E 48|E 
50|G 73|B 43|G 3|B 13|G 3|G 
99|B 45|G 72|B 87|G 49|B 4|G 
80|G 63|B 92|B 28|B 61|G 53|G 

Player BLUE moved to position 0,5 with util: 95.000000 and number of nodes expanded: 25
66|G 76|G 28|B 66|B 11|E 9|B 
31|G 39|B 50|B 8|B 33|E 14|E 
80|B 76|G 39|B 59|G 2|E 48|E 
50|G 73|B 43|G 3|B 13|G 3|G 
99|B 45|G 72|B 87|G 49|B 4|G 
80|G 63|B 92|B 28|B 61|G 53|G 

Player GREEN moved to position 2,5 with util: 15.000000 and number of nodes expanded :17
66|G 76|G 28|B 66|B 11|E 9|B 
31|G 39|B 50|B 8|B 33|E 14|E 
80|B 76|G 39|B 59|G 2|E 48|G 
50|G 73|B 43|G 3|B 13|G 3|G 
99|B 45|G 72|B 87|G 49|B 4|G 
80|G 63|B 92|B 28|B 61|G 53|G 

Player BLUE moved to position 1,5 with util: 52.000000 and number of nodes expanded: 15
66|G 76|G 28|B 66|B 11|E 9|B 
31|G 39|B 50|B 8|B 33|E 14|B 
80|B 76|G 39|B 59|G 2|E 48|B 
50|G 73|B 43|G 3|B 13|G 3|G 
99|B 45|G 72|B 87|G 49|B 4|G 
80|G 63|B 92|B 28|B 61|G 53|G 

Player GREEN moved to position 2,4 with util: 41.000000 and number of nodes expanded :10
66|G 76|G 28|B 66|B 11|E 9|B 
31|G 39|B 50|B 8|B 33|E 14|B 
80|B 76|G 39|B 59|G 2|G 48|G 
50|G 73|B 43|G 3|B 13|G 3|G 
99|B 45|G 72|B 87|G 49|B 4|G 
80|G 63|B 92|B 28|B 61|G 53|G 

Player BLUE moved to position 1,4 with util: 41.000000 and number of nodes expanded: 3
66|G 76|G 28|B 66|B 11|E 9|B 
31|G 39|B 50|B 8|B 33|B 14|B 
80|B 76|G 39|B 59|G 2|B 48|B 
50|G 73|B 43|G 3|B 13|G 3|G 
99|B 45|G 72|B 87|G 49|B 4|G 
80|G 63|B 92|B 28|B 61|G 53|G 

Player GREEN moved to position 0,4 with util: 137.000000 and number of nodes expanded :1
66|G 76|G 28|B 66|B 11|G 9|B 
31|G 39|B 50|B 8|B 33|B 14|B 
80|B 76|G 39|B 59|G 2|B 48|B 
50|G 73|B 43|G 3|B 13|G 3|G 
99|B 45|G 72|B 87|G 49|B 4|G 
80|G 63|B 92|B 28|B 61|G 53|G 

The final state of the board is 
66|G 76|G 28|B 66|B 11|G 9|B 
31|G 39|B 50|B 8|B 33|B 14|B 
80|B 76|G 39|B 59|G 2|B 48|B 
50|G 73|B 43|G 3|B 13|G 3|G 
99|B 45|G 72|B 87|G 49|B 4|G 
80|G 63|B 92|B 28|B 61|G 53|G 

The final scores of the players are 

BLUE:895 GREEN:758
The total number of nodes expanded per player are 

BLUE:2237 GREEN:2358
The average number of nodes expanded per move are 

BLUE:124 GREEN:131
The average time taken  in ms per move is 

BLUE:1.5 GREEN:1.61111