
The inital board is 
66|E 76|E 28|E 66|E 11|E 9|E 
31|E 39|E 50|E 8|E 33|E 14|E 
80|E 76|E 39|E 59|E 2|E 48|E 
50|E 73|E 43|E 3|E 13|E 3|E 
99|E 45|E 72|E 87|E 49|E 4|E 
80|E 63|E 92|E 28|E 61|E 53|E 

Starting the game

Player BLUE moved to position 4,0 with util: 94.000000 and number of nodes expanded: 380
66|E 76|E 28|E 66|E 11|E 9|E 
31|E 39|E 50|E 8|E 33|E 14|E 
80|E 76|E 39|E 59|E 2|E 48|E 
50|E 73|E 43|E 3|E 13|E 3|E 
99|B 45|E 72|E 87|E 49|E 4|E 
80|E 63|E 92|E 28|E 61|E 53|E 

Player GREEN moved to position 4,3 with util: 0.000000 and number of nodes expanded :348
66|E 76|E 28|E 66|E 11|E 9|E 
31|E 39|E 50|E 8|E 33|E 14|E 
80|E 76|E 39|E 59|E 2|E 48|E 
50|E 73|E 43|E 3|E 13|E 3|E 
99|B 45|E 72|E 87|G 49|E 4|E 
80|E 63|E 92|E 28|E 61|E 53|E 

Player BLUE moved to position 5,0 with util: 108.000000 and number of nodes expanded: 511
66|E 76|E 28|E 66|E 11|E 9|E 
31|E 39|E 50|E 8|E 33|E 14|E 
80|E 76|E 39|E 59|E 2|E 48|E 
50|E 73|E 43|E 3|E 13|E 3|E 
99|B 45|E 72|E 87|G 49|E 4|E 
80|B 63|E 92|E 28|E 61|E 53|E 

Player GREEN moved to position 5,2 with util: -9.000000 and number of nodes expanded :295
66|E 76|E 28|E 66|E 11|E 9|E 
31|E 39|E 50|E 8|E 33|E 14|E 
80|E 76|E 39|E 59|E 2|E 48|E 
50|E 73|E 43|E 3|E 13|E 3|E 
99|B 45|E 72|E 87|G 49|E 4|E 
80|B 63|E 92|G 28|E 61|E 53|E 

Player BLUE moved to position 5,4 with util: 137.000000 and number of nodes expanded: 947
66|E 76|E 28|E 66|E 11|E 9|E 
31|E 39|E 50|E 8|E 33|E 14|E 
80|E 76|E 39|E 59|E 2|E 48|E 
50|E 73|E 43|E 3|E 13|E 3|E 
99|B 45|E 72|E 87|G 49|E 4|E 
80|B 63|E 92|G 28|E 61|B 53|E 

Player GREEN moved to position 4,4 with util: -119.000000 and number of nodes expanded :905
66|E 76|E 28|E 66|E 11|E 9|E 
31|E 39|E 50|E 8|E 33|E 14|E 
80|E 76|E 39|E 59|E 2|E 48|E 
50|E 73|E 43|E 3|E 13|E 3|E 
99|B 45|E 72|E 87|G 49|G 4|E 
80|B 63|E 92|G 28|E 61|G 53|E 

Player BLUE moved to position 3,2 with util: 22.000000 and number of nodes expanded: 852
66|E 76|E 28|E 66|E 11|E 9|E 
31|E 39|E 50|E 8|E 33|E 14|E 
80|E 76|E 39|E 59|E 2|E 48|E 
50|E 73|E 43|B 3|E 13|E 3|E 
99|B 45|E 72|E 87|G 49|G 4|E 
80|B 63|E 92|G 28|E 61|G 53|E 

Player GREEN moved to position 4,2 with util: -347.000000 and number of nodes expanded :678
66|E 76|E 28|E 66|E 11|E 9|E 
31|E 39|E 50|E 8|E 33|E 14|E 
80|E 76|E 39|E 59|E 2|E 48|E 
50|E 73|E 43|G 3|E 13|E 3|E 
99|B 45|E 72|G 87|G 49|G 4|E 
80|B 63|E 92|G 28|E 61|G 53|E 

Player BLUE moved to position 5,1 with util: -23.000000 and number of nodes expanded: 605
66|E 76|E 28|E 66|E 11|E 9|E 
31|E 39|E 50|E 8|E 33|E 14|E 
80|E 76|E 39|E 59|E 2|E 48|E 
50|E 73|E 43|G 3|E 13|E 3|E 
99|B 45|E 72|G 87|G 49|G 4|E 
80|B 63|B 92|B 28|E 61|G 53|E 

Player GREEN moved to position 4,1 with util: -200.000000 and number of nodes expanded :664
66|E 76|E 28|E 66|E 11|E 9|E 
31|E 39|E 50|E 8|E 33|E 14|E 
80|E 76|E 39|E 59|E 2|E 48|E 
50|E 73|E 43|G 3|E 13|E 3|E 
99|G 45|G 72|G 87|G 49|G 4|E 
80|B 63|G 92|B 28|E 61|G 53|E 

Player BLUE moved to position 5,3 with util: -120.000000 and number of nodes expanded: 657
66|E 76|E 28|E 66|E 11|E 9|E 
31|E 39|E 50|E 8|E 33|E 14|E 
80|E 76|E 39|E 59|E 2|E 48|E 
50|E 73|E 43|G 3|E 13|E 3|E 
99|G 45|G 72|G 87|B 49|G 4|E 
80|B 63|G 92|B 28|B 61|B 53|E 

Player GREEN moved to position 3,3 with util: -204.000000 and number of nodes expanded :253
66|E 76|E 28|E 66|E 11|E 9|E 
31|E 39|E 50|E 8|E 33|E 14|E 
80|E 76|E 39|E 59|E 2|E 48|E 
50|E 73|E 43|G 3|G 13|E 3|E 
99|G 45|G 72|G 87|G 49|G 4|E 
80|B 63|G 92|B 28|B 61|G 53|E 

Player BLUE moved to position 0,1 with util: -250.000000 and number of nodes expanded: 243
66|E 76|B 28|E 66|E 11|E 9|E 
31|E 39|E 50|E 8|E 33|E 14|E 
80|E 76|E 39|E 59|E 2|E 48|E 
50|E 73|E 43|G 3|G 13|E 3|E 
99|G 45|G 72|G 87|G 49|G 4|E 
80|B 63|G 92|B 28|B 61|G 53|E 

Player GREEN moved to position 2,1 with util: -356.000000 and number of nodes expanded :114
66|E 76|B 28|E 66|E 11|E 9|E 
31|E 39|E 50|E 8|E 33|E 14|E 
80|E 76|G 39|E 59|E 2|E 48|E 
50|E 73|E 43|G 3|G 13|E 3|E 
99|G 45|G 72|G 87|G 49|G 4|E 
80|B 63|G 92|B 28|B 61|G 53|E 

Player BLUE moved to position 2,3 with util: -229.000000 and number of nodes expanded: 254
66|E 76|B 28|E 66|E 11|E 9|E 
31|E 39|E 50|E 8|E 33|E 14|E 
80|E 76|G 39|E 59|B 2|E 48|E 
50|E 73|E 43|G 3|G 13|E 3|E 
99|G 45|G 72|G 87|G 49|G 4|E 
80|B 63|G 92|B 28|B 61|G 53|E 

Player GREEN moved to position 1,1 with util: -488.000000 and number of nodes expanded :126
66|E 76|G 28|E 66|E 11|E 9|E 
31|E 39|G 50|E 8|E 33|E 14|E 
80|E 76|G 39|E 59|B 2|E 48|E 
50|E 73|E 43|G 3|G 13|E 3|E 
99|G 45|G 72|G 87|G 49|G 4|E 
80|B 63|G 92|B 28|B 61|G 53|E 

Player BLUE moved to position 3,1 with util: -300.000000 and number of nodes expanded: 299
66|E 76|G 28|E 66|E 11|E 9|E 
31|E 39|G 50|E 8|E 33|E 14|E 
80|E 76|G 39|E 59|B 2|E 48|E 
50|E 73|B 43|G 3|G 13|E 3|E 
99|G 45|G 72|G 87|G 49|G 4|E 
80|B 63|G 92|B 28|B 61|G 53|E 

Player GREEN moved to position 3,0 with util: -532.000000 and number of nodes expanded :229
66|E 76|G 28|E 66|E 11|E 9|E 
31|E 39|G 50|E 8|E 33|E 14|E 
80|E 76|G 39|E 59|B 2|E 48|E 
50|G 73|G 43|G 3|G 13|E 3|E 
99|G 45|G 72|G 87|G 49|G 4|E 
80|B 63|G 92|B 28|B 61|G 53|E 

Player BLUE moved to position 2,2 with util: -404.000000 and number of nodes expanded: 248
66|E 76|G 28|E 66|E 11|E 9|E 
31|E 39|G 50|E 8|E 33|E 14|E 
80|E 76|B 39|B 59|B 2|E 48|E 
50|G 73|G 43|B 3|G 13|E 3|E 
99|G 45|G 72|G 87|G 49|G 4|E 
80|B 63|G 92|B 28|B 61|G 53|E 

Player GREEN moved to position 2,0 with util: -532.000000 and number of nodes expanded :139
66|E 76|G 28|E 66|E 11|E 9|E 
31|E 39|G 50|E 8|E 33|E 14|E 
80|G 76|G 39|B 59|B 2|E 48|E 
50|G 73|G 43|B 3|G 13|E 3|E 
99|G 45|G 72|G 87|G 49|G 4|E 
80|B 63|G 92|B 28|B 61|G 53|E 

Player BLUE moved to position 1,2 with util: -341.000000 and number of nodes expanded: 80
66|E 76|G 28|E 66|E 11|E 9|E 
31|E 39|B 50|B 8|E 33|E 14|E 
80|G 76|B 39|B 59|B 2|E 48|E 
50|G 73|G 43|B 3|G 13|E 3|E 
99|G 45|G 72|G 87|G 49|G 4|E 
80|B 63|G 92|B 28|B 61|G 53|E 

Player GREEN moved to position 1,0 with util: -399.000000 and number of nodes expanded :82
66|E 76|G 28|E 66|E 11|E 9|E 
31|G 39|G 50|B 8|E 33|E 14|E 
80|G 76|G 39|B 59|B 2|E 48|E 
50|G 73|G 43|B 3|G 13|E 3|E 
99|G 45|G 72|G 87|G 49|G 4|E 
80|B 63|G 92|B 28|B 61|G 53|E 

Player BLUE moved to position 4,5 with util: -462.000000 and number of nodes expanded: 64
66|E 76|G 28|E 66|E 11|E 9|E 
31|G 39|G 50|B 8|E 33|E 14|E 
80|G 76|G 39|B 59|B 2|E 48|E 
50|G 73|G 43|B 3|G 13|E 3|E 
99|G 45|G 72|G 87|G 49|G 4|B 
80|B 63|G 92|B 28|B 61|G 53|E 

Player GREEN moved to position 5,5 with util: -608.000000 and number of nodes expanded :70
66|E 76|G 28|E 66|E 11|E 9|E 
31|G 39|G 50|B 8|E 33|E 14|E 
80|G 76|G 39|B 59|B 2|E 48|E 
50|G 73|G 43|B 3|G 13|E 3|E 
99|G 45|G 72|G 87|G 49|G 4|G 
80|B 63|G 92|B 28|B 61|G 53|G 

Player BLUE moved to position 0,0 with util: -524.000000 and number of nodes expanded: 45
66|B 76|G 28|E 66|E 11|E 9|E 
31|G 39|G 50|B 8|E 33|E 14|E 
80|G 76|G 39|B 59|B 2|E 48|E 
50|G 73|G 43|B 3|G 13|E 3|E 
99|G 45|G 72|G 87|G 49|G 4|G 
80|B 63|G 92|B 28|B 61|G 53|G 

Player GREEN moved to position 0,2 with util: -606.000000 and number of nodes expanded :32
66|B 76|G 28|G 66|E 11|E 9|E 
31|G 39|G 50|G 8|E 33|E 14|E 
80|G 76|G 39|B 59|B 2|E 48|E 
50|G 73|G 43|B 3|G 13|E 3|E 
99|G 45|G 72|G 87|G 49|G 4|G 
80|B 63|G 92|B 28|B 61|G 53|G 

Player BLUE moved to position 1,3 with util: -558.000000 and number of nodes expanded: 65
66|B 76|G 28|G 66|E 11|E 9|E 
31|G 39|G 50|B 8|B 33|E 14|E 
80|G 76|G 39|B 59|B 2|E 48|E 
50|G 73|G 43|B 3|G 13|E 3|E 
99|G 45|G 72|G 87|G 49|G 4|G 
80|B 63|G 92|B 28|B 61|G 53|G 

Player GREEN moved to position 0,3 with util: -641.000000 and number of nodes expanded :26
66|B 76|G 28|G 66|G 11|E 9|E 
31|G 39|G 50|G 8|G 33|E 14|E 
80|G 76|G 39|B 59|B 2|E 48|E 
50|G 73|G 43|B 3|G 13|E 3|E 
99|G 45|G 72|G 87|G 49|G 4|G 
80|B 63|G 92|B 28|B 61|G 53|G 

Player BLUE moved to position 2,5 with util: -659.000000 and number of nodes expanded: 48
66|B 76|G 28|G 66|G 11|E 9|E 
31|G 39|G 50|G 8|G 33|E 14|E 
80|G 76|G 39|B 59|B 2|E 48|B 
50|G 73|G 43|B 3|G 13|E 3|E 
99|G 45|G 72|G 87|G 49|G 4|G 
80|B 63|G 92|B 28|B 61|G 53|G 

Player GREEN moved to position 0,5 with util: -734.000000 and number of nodes expanded :43
66|B 76|G 28|G 66|G 11|E 9|G 
31|G 39|G 50|G 8|G 33|E 14|E 
80|G 76|G 39|B 59|B 2|E 48|B 
50|G 73|G 43|B 3|G 13|E 3|E 
99|G 45|G 72|G 87|G 49|G 4|G 
80|B 63|G 92|B 28|B 61|G 53|G 

Player BLUE moved to position 1,5 with util: -593.000000 and number of nodes expanded: 28
66|B 76|G 28|G 66|G 11|E 9|B 
31|G 39|G 50|G 8|G 33|E 14|B 
80|G 76|G 39|B 59|B 2|E 48|B 
50|G 73|G 43|B 3|G 13|E 3|E 
99|G 45|G 72|G 87|G 49|G 4|G 
80|B 63|G 92|B 28|B 61|G 53|G 

Player GREEN moved to position 3,5 with util: -701.000000 and number of nodes expanded :20
66|B 76|G 28|G 66|G 11|E 9|B 
31|G 39|G 50|G 8|G 33|E 14|B 
80|G 76|G 39|B 59|B 2|E 48|G 
50|G 73|G 43|B 3|G 13|E 3|G 
99|G 45|G 72|G 87|G 49|G 4|G 
80|B 63|G 92|B 28|B 61|G 53|G 

Player BLUE moved to position 2,4 with util: -542.000000 and number of nodes expanded: 14
66|B 76|G 28|G 66|G 11|E 9|B 
31|G 39|G 50|G 8|G 33|E 14|B 
80|G 76|G 39|B 59|B 2|B 48|B 
50|G 73|G 43|B 3|G 13|E 3|G 
99|G 45|G 72|G 87|G 49|G 4|G 
80|B 63|G 92|B 28|B 61|G 53|G 

Player GREEN moved to position 0,4 with util: -607.000000 and number of nodes expanded :8
66|B 76|G 28|G 66|G 11|G 9|G 
31|G 39|G 50|G 8|G 33|E 14|B 
80|G 76|G 39|B 59|B 2|B 48|G 
50|G 73|G 43|B 3|G 13|E 3|G 
99|G 45|G 72|G 87|G 49|G 4|G 
80|B 63|G 92|B 28|B 61|G 53|G 

Player BLUE moved to position 3,4 with util: -703.000000 and number of nodes expanded: 3
66|B 76|G 28|G 66|G 11|G 9|B 
31|G 39|G 50|G 8|G 33|E 14|B 
80|G 76|G 39|B 59|B 2|B 48|B 
50|G 73|G 43|B 3|B 13|B 3|B 
99|G 45|G 72|G 87|G 49|B 4|G 
80|B 63|G 92|B 28|B 61|G 53|G 

Player GREEN moved to position 1,4 with util: -589.000000 and number of nodes expanded :1
66|B 76|G 28|G 66|G 11|G 9|G 
31|G 39|G 50|G 8|G 33|G 14|G 
80|G 76|G 39|B 59|B 2|G 48|G 
50|G 73|G 43|B 3|B 13|B 3|B 
99|G 45|G 72|G 87|G 49|B 4|G 
80|B 63|G 92|B 28|B 61|G 53|G 

The final state of the board is 
66|B 76|G 28|G 66|G 11|G 9|G 
31|G 39|G 50|G 8|G 33|G 14|G 
80|G 76|G 39|B 59|B 2|G 48|G 
50|G 73|G 43|B 3|B 13|B 3|B 
99|G 45|G 72|G 87|G 49|B 4|G 
80|B 63|G 92|B 28|B 61|G 53|G 

The final scores of the players are 

BLUE:475 GREEN:1178
The total number of nodes expanded per player are 

BLUE:5343 GREEN:4033
The average number of nodes expanded per move are 

BLUE:296 GREEN:224
The average time taken  in ms per move is 

BLUE:2.66667 GREEN:1.77778